2025-08-06T07:25:30.099Z  INFO [restaurant] 1 --- [restaurant] [main] c.m.restaurant.RestaurantApplication     : Starting RestaurantApplication v0.0.1-SNAPSHOT using Java 21.0.8 with PID 1 (/app/restaurant-service.jar started by root in /app)
2025-08-06T07:25:30.103Z DEBUG [restaurant] 1 --- [restaurant] [main] c.m.restaurant.RestaurantApplication     : Running with Spring Boot v3.5.3, Spring v6.2.8
2025-08-06T07:25:30.105Z  INFO [restaurant] 1 --- [restaurant] [main] c.m.restaurant.RestaurantApplication     : The following 1 profile is active: "dev"
2025-08-06T07:25:30.203Z  INFO [restaurant] 1 --- [restaurant] [main] o.s.c.c.c.ConfigServerConfigDataLoader   : Fetching config from server at : http://configuration-service:8888
2025-08-06T07:25:30.204Z  INFO [restaurant] 1 --- [restaurant] [main] o.s.c.c.c.ConfigServerConfigDataLoader   : Located environment: name=restaurant, profiles=[default], label=null, version=null, state=null
2025-08-06T07:25:30.204Z  INFO [restaurant] 1 --- [restaurant] [main] o.s.c.c.c.ConfigServerConfigDataLoader   : Fetching config from server at : http://configuration-service:8888
2025-08-06T07:25:30.204Z  INFO [restaurant] 1 --- [restaurant] [main] o.s.c.c.c.ConfigServerConfigDataLoader   : Located environment: name=restaurant, profiles=[dev], label=null, version=null, state=null
2025-08-06T07:25:31.430Z  INFO [restaurant] 1 --- [restaurant] [main] .s.d.r.c.RepositoryConfigurationDelegate : Bootstrapping Spring Data JPA repositories in DEFAULT mode.
2025-08-06T07:25:31.592Z  INFO [restaurant] 1 --- [restaurant] [main] .s.d.r.c.RepositoryConfigurationDelegate : Finished Spring Data repository scanning in 150 ms. Found 1 JPA repository interface.
2025-08-06T07:25:32.084Z  INFO [restaurant] 1 --- [restaurant] [main] o.s.cloud.context.scope.GenericScope     : BeanFactory id=e1996ce2-a426-3f42-8cf8-8d12ae26f0ea
2025-08-06T07:25:32.783Z  INFO [restaurant] 1 --- [restaurant] [main] o.s.b.w.embedded.tomcat.TomcatWebServer  : Tomcat initialized with port 8090 (http)
2025-08-06T07:25:32.807Z  INFO [restaurant] 1 --- [restaurant] [main] o.apache.catalina.core.StandardService   : Starting service [Tomcat]
2025-08-06T07:25:32.807Z  INFO [restaurant] 1 --- [restaurant] [main] o.apache.catalina.core.StandardEngine    : Starting Servlet engine: [Apache Tomcat/10.1.42]
2025-08-06T07:25:32.837Z  INFO [restaurant] 1 --- [restaurant] [main] o.a.c.c.C.[Tomcat].[localhost].[/]       : Initializing Spring embedded WebApplicationContext
2025-08-06T07:25:32.838Z  INFO [restaurant] 1 --- [restaurant] [main] w.s.c.ServletWebServerApplicationContext : Root WebApplicationContext: initialization completed in 2630 ms
2025-08-06T07:25:33.366Z  INFO [restaurant] 1 --- [restaurant] [main] o.hibernate.jpa.internal.util.LogHelper  : HHH000204: Processing PersistenceUnitInfo [name: default]
2025-08-06T07:25:33.489Z  INFO [restaurant] 1 --- [restaurant] [main] org.hibernate.Version                    : HHH000412: Hibernate ORM core version 6.6.18.Final
2025-08-06T07:25:33.574Z  INFO [restaurant] 1 --- [restaurant] [main] o.h.c.internal.RegionFactoryInitiator    : HHH000026: Second-level cache disabled
2025-08-06T07:25:34.019Z  INFO [restaurant] 1 --- [restaurant] [main] o.s.o.j.p.SpringPersistenceUnitInfo      : No LoadTimeWeaver setup: ignoring JPA class transformer
2025-08-06T07:25:34.051Z  INFO [restaurant] 1 --- [restaurant] [main] com.zaxxer.hikari.HikariDataSource       : HikariPool-1 - Starting...
2025-08-06T07:25:34.401Z  INFO [restaurant] 1 --- [restaurant] [main] com.zaxxer.hikari.pool.HikariPool        : HikariPool-1 - Added connection org.postgresql.jdbc.PgConnection@23e573e
2025-08-06T07:25:34.402Z  INFO [restaurant] 1 --- [restaurant] [main] com.zaxxer.hikari.HikariDataSource       : HikariPool-1 - Start completed.
2025-08-06T07:25:34.430Z  WARN [restaurant] 1 --- [restaurant] [main] org.hibernate.orm.deprecation            : HHH90000025: PostgreSQLDialect does not need to be specified explicitly using 'hibernate.dialect' (remove the property setting and it will be selected by default)
2025-08-06T07:25:34.450Z  INFO [restaurant] 1 --- [restaurant] [main] org.hibernate.orm.connections.pooling    : HHH10001005: Database info:
	Database JDBC URL [Connecting through datasource 'HikariDataSource (HikariPool-1)']
	Database driver: undefined/unknown
	Database version: 16.9
	Autocommit mode: undefined/unknown
	Isolation level: undefined/unknown
	Minimum pool size: undefined/unknown
	Maximum pool size: undefined/unknown
2025-08-06T07:25:35.574Z  INFO [restaurant] 1 --- [restaurant] [main] o.h.e.t.j.p.i.JtaPlatformInitiator       : HHH000489: No JTA platform available (set 'hibernate.transaction.jta.platform' to enable JTA platform integration)
2025-08-06T07:25:35.652Z  INFO [restaurant] 1 --- [restaurant] [main] j.LocalContainerEntityManagerFactoryBean : Initialized JPA EntityManagerFactory for persistence unit 'default'
2025-08-06T07:25:36.041Z  WARN [restaurant] 1 --- [restaurant] [main] JpaBaseConfiguration$JpaWebConfiguration : spring.jpa.open-in-view is enabled by default. Therefore, database queries may be performed during view rendering. Explicitly configure spring.jpa.open-in-view to disable this warning
2025-08-06T07:25:36.122Z  INFO [restaurant] 1 --- [restaurant] [main] r$InitializeUserDetailsManagerConfigurer : Global AuthenticationManager configured with UserDetailsService bean with name userDetailsService
2025-08-06T07:25:37.061Z  INFO [restaurant] 1 --- [restaurant] [main] o.s.b.a.e.web.EndpointLinksResolver      : Exposing 5 endpoints beneath base path '/actuator'
2025-08-06T07:25:37.161Z  INFO [restaurant] 1 --- [restaurant] [main] DiscoveryClientOptionalArgsConfiguration : Eureka HTTP Client uses RestTemplate.
2025-08-06T07:25:37.246Z  WARN [restaurant] 1 --- [restaurant] [main] iguration$LoadBalancerCaffeineWarnLogger : Spring Cloud LoadBalancer is currently working with the default cache. While this cache implementation is useful for development and tests, it's recommended to use Caffeine cache in production.You can switch to using Caffeine cache, by adding it and org.springframework.cache.caffeine.CaffeineCacheManager to the classpath.
2025-08-06T07:25:37.370Z  INFO [restaurant] 1 --- [restaurant] [main] o.s.c.n.eureka.InstanceInfoFactory       : Setting initial instance status as: STARTING
2025-08-06T07:25:37.409Z  INFO [restaurant] 1 --- [restaurant] [main] com.netflix.discovery.DiscoveryClient    : Initializing Eureka in region us-east-1
2025-08-06T07:25:37.416Z  INFO [restaurant] 1 --- [restaurant] [main] c.n.d.s.r.aws.ConfigClusterResolver      : Resolving eureka endpoints via configuration
2025-08-06T07:25:37.448Z  INFO [restaurant] 1 --- [restaurant] [main] com.netflix.discovery.DiscoveryClient    : Disable delta property : false
2025-08-06T07:25:37.448Z  INFO [restaurant] 1 --- [restaurant] [main] com.netflix.discovery.DiscoveryClient    : Single vip registry refresh property : null
2025-08-06T07:25:37.448Z  INFO [restaurant] 1 --- [restaurant] [main] com.netflix.discovery.DiscoveryClient    : Force full registry fetch : false
2025-08-06T07:25:37.448Z  INFO [restaurant] 1 --- [restaurant] [main] com.netflix.discovery.DiscoveryClient    : Application is null : false
2025-08-06T07:25:37.448Z  INFO [restaurant] 1 --- [restaurant] [main] com.netflix.discovery.DiscoveryClient    : Registered Applications size is zero : true
2025-08-06T07:25:37.448Z  INFO [restaurant] 1 --- [restaurant] [main] com.netflix.discovery.DiscoveryClient    : Application version is -1: true
2025-08-06T07:25:37.448Z  INFO [restaurant] 1 --- [restaurant] [main] com.netflix.discovery.DiscoveryClient    : Getting all instance registry info from the eureka server
2025-08-06T07:25:37.832Z  INFO [restaurant] 1 --- [restaurant] [main] com.netflix.discovery.DiscoveryClient    : The response status is 200
2025-08-06T07:25:37.834Z  INFO [restaurant] 1 --- [restaurant] [main] com.netflix.discovery.DiscoveryClient    : Starting heartbeat executor: renew interval is: 30
2025-08-06T07:25:37.837Z  INFO [restaurant] 1 --- [restaurant] [main] c.n.discovery.InstanceInfoReplicator     : InstanceInfoReplicator onDemand update allowed rate per min is 4
2025-08-06T07:25:37.839Z  INFO [restaurant] 1 --- [restaurant] [main] com.netflix.discovery.DiscoveryClient    : Discovery Client initialized at timestamp 1754465137839 with initial instances count: 3
2025-08-06T07:25:37.850Z  INFO [restaurant] 1 --- [restaurant] [main] o.s.c.n.e.s.EurekaServiceRegistry        : Registering application RESTAURANT with eureka with status UP
2025-08-06T07:25:37.852Z  INFO [restaurant] 1 --- [restaurant] [main] com.netflix.discovery.DiscoveryClient    : Saw local status change event StatusChangeEvent [timestamp=1754465137852, current=UP, previous=STARTING]
2025-08-06T07:25:37.859Z  INFO [restaurant] 1 --- [restaurant] [DiscoveryClient-InstanceInfoReplicator-%d] com.netflix.discovery.DiscoveryClient    : DiscoveryClient_RESTAURANT/190e72ce91d8:restaurant:8090: registering service...
2025-08-06T07:25:37.893Z  INFO [restaurant] 1 --- [restaurant] [main] o.s.b.w.embedded.tomcat.TomcatWebServer  : Tomcat started on port 8090 (http) with context path '/'
2025-08-06T07:25:37.896Z  INFO [restaurant] 1 --- [restaurant] [main] .s.c.n.e.s.EurekaAutoServiceRegistration : Updating port to 8090
2025-08-06T07:25:37.918Z  INFO [restaurant] 1 --- [restaurant] [main] c.m.restaurant.RestaurantApplication     : Started RestaurantApplication in 9.504 seconds (process running for 10.439)
2025-08-06T07:25:37.951Z  INFO [restaurant] 1 --- [restaurant] [DiscoveryClient-InstanceInfoReplicator-%d] com.netflix.discovery.DiscoveryClient    : DiscoveryClient_RESTAURANT/190e72ce91d8:restaurant:8090 - registration status: 204
2025-08-06T07:25:38.005Z  INFO [restaurant] 1 --- [restaurant] [main] c.m.restaurant.RestaurantApplication     : ########################################################################
2025-08-06T07:25:38.005Z  INFO [restaurant] 1 --- [restaurant] [main] c.m.restaurant.RestaurantApplication     : hello test for loki from restaruant application
2025-08-06T07:25:38.005Z  INFO [restaurant] 1 --- [restaurant] [main] c.m.restaurant.RestaurantApplication     : hello test for loki from restaruant application
2025-08-06T07:25:38.006Z  INFO [restaurant] 1 --- [restaurant] [main] c.m.restaurant.RestaurantApplication     : ########################################################################
2025-08-06T07:25:57.998Z  INFO [restaurant] 1 --- [restaurant] [http-nio-8090-exec-1] o.a.c.c.C.[Tomcat].[localhost].[/]       : Initializing Spring DispatcherServlet 'dispatcherServlet'
2025-08-06T07:25:58.000Z  INFO [restaurant] 1 --- [restaurant] [http-nio-8090-exec-1] o.s.web.servlet.DispatcherServlet        : Initializing Servlet 'dispatcherServlet'
2025-08-06T07:25:58.005Z  INFO [restaurant] 1 --- [restaurant] [http-nio-8090-exec-1] o.s.web.servlet.DispatcherServlet        : Completed initialization in 4 ms
2025-08-06T07:30:37.451Z  INFO [restaurant] 1 --- [restaurant] [AsyncResolver-bootstrap-executor-%d] c.n.d.s.r.aws.ConfigClusterResolver      : Resolving eureka endpoints via configuration
2025-08-06T07:35:37.453Z  INFO [restaurant] 1 --- [restaurant] [AsyncResolver-bootstrap-executor-%d] c.n.d.s.r.aws.ConfigClusterResolver      : Resolving eureka endpoints via configuration
2025-08-06T07:36:36.196Z  INFO [restaurant] 1 --- [restaurant] [SpringApplicationShutdownHook] o.s.c.n.e.s.EurekaServiceRegistry        : Unregistering application RESTAURANT with eureka with status DOWN
2025-08-06T07:36:36.196Z  INFO [restaurant] 1 --- [restaurant] [SpringApplicationShutdownHook] com.netflix.discovery.DiscoveryClient    : Saw local status change event StatusChangeEvent [timestamp=1754465796196, current=DOWN, previous=UP]
2025-08-06T07:36:36.196Z  INFO [restaurant] 1 --- [restaurant] [DiscoveryClient-InstanceInfoReplicator-%d] com.netflix.discovery.DiscoveryClient    : DiscoveryClient_RESTAURANT/190e72ce91d8:restaurant:8090: registering service...
2025-08-06T07:36:36.198Z  INFO [restaurant] 1 --- [restaurant] [SpringApplicationShutdownHook] o.s.b.w.e.tomcat.GracefulShutdown        : Commencing graceful shutdown. Waiting for active requests to complete
2025-08-06T07:36:36.199Z  INFO [restaurant] 1 --- [restaurant] [tomcat-shutdown] o.s.b.w.e.tomcat.GracefulShutdown        : Graceful shutdown complete
2025-08-06T07:36:36.203Z  INFO [restaurant] 1 --- [restaurant] [DiscoveryClient-InstanceInfoReplicator-%d] com.netflix.discovery.DiscoveryClient    : DiscoveryClient_RESTAURANT/190e72ce91d8:restaurant:8090 - registration status: 204
2025-08-06T07:36:36.206Z  INFO [restaurant] 1 --- [restaurant] [SpringApplicationShutdownHook] j.LocalContainerEntityManagerFactoryBean : Closing JPA EntityManagerFactory for persistence unit 'default'
2025-08-06T07:36:36.208Z  INFO [restaurant] 1 --- [restaurant] [SpringApplicationShutdownHook] com.zaxxer.hikari.HikariDataSource       : HikariPool-1 - Shutdown initiated...
2025-08-06T07:36:36.214Z  INFO [restaurant] 1 --- [restaurant] [SpringApplicationShutdownHook] com.zaxxer.hikari.HikariDataSource       : HikariPool-1 - Shutdown completed.
2025-08-06T07:36:36.215Z  INFO [restaurant] 1 --- [restaurant] [SpringApplicationShutdownHook] com.netflix.discovery.DiscoveryClient    : Shutting down DiscoveryClient ...
2025-08-06T07:36:39.216Z  INFO [restaurant] 1 --- [restaurant] [SpringApplicationShutdownHook] com.netflix.discovery.DiscoveryClient    : Unregistering ...
2025-08-06T07:36:39.217Z  WARN [restaurant] 1 --- [restaurant] [DiscoveryClient-%d] c.netflix.discovery.TimedSupervisorTask  : task supervisor shutting down, can't accept the task
2025-08-06T07:36:39.235Z  INFO [restaurant] 1 --- [restaurant] [SpringApplicationShutdownHook] com.netflix.discovery.DiscoveryClient    : DiscoveryClient_RESTAURANT/190e72ce91d8:restaurant:8090 - deregister  status: 200
2025-08-06T07:36:39.237Z  INFO [restaurant] 1 --- [restaurant] [SpringApplicationShutdownHook] com.netflix.discovery.DiscoveryClient    : Completed shut down of DiscoveryClient
2025-08-06T07:37:28.553Z  INFO [restaurant] 1 --- [restaurant] [main] c.m.restaurant.RestaurantApplication     : Starting RestaurantApplication v0.0.1-SNAPSHOT using Java 21.0.8 with PID 1 (/app/restaurant-service.jar started by root in /app)
2025-08-06T07:37:28.555Z DEBUG [restaurant] 1 --- [restaurant] [main] c.m.restaurant.RestaurantApplication     : Running with Spring Boot v3.5.3, Spring v6.2.8
2025-08-06T07:37:28.556Z  INFO [restaurant] 1 --- [restaurant] [main] c.m.restaurant.RestaurantApplication     : The following 1 profile is active: "dev"
2025-08-06T07:37:28.622Z  INFO [restaurant] 1 --- [restaurant] [main] o.s.c.c.c.ConfigServerConfigDataLoader   : Fetching config from server at : http://configuration-service:8888
2025-08-06T07:37:28.622Z  INFO [restaurant] 1 --- [restaurant] [main] o.s.c.c.c.ConfigServerConfigDataLoader   : Located environment: name=restaurant, profiles=[default], label=null, version=null, state=null
2025-08-06T07:37:28.623Z  INFO [restaurant] 1 --- [restaurant] [main] o.s.c.c.c.ConfigServerConfigDataLoader   : Fetching config from server at : http://configuration-service:8888
2025-08-06T07:37:28.623Z  INFO [restaurant] 1 --- [restaurant] [main] o.s.c.c.c.ConfigServerConfigDataLoader   : Located environment: name=restaurant, profiles=[dev], label=null, version=null, state=null
2025-08-06T07:37:29.988Z  INFO [restaurant] 1 --- [restaurant] [main] .s.d.r.c.RepositoryConfigurationDelegate : Bootstrapping Spring Data JPA repositories in DEFAULT mode.
2025-08-06T07:37:30.137Z  INFO [restaurant] 1 --- [restaurant] [main] .s.d.r.c.RepositoryConfigurationDelegate : Finished Spring Data repository scanning in 139 ms. Found 1 JPA repository interface.
2025-08-06T07:37:30.597Z  INFO [restaurant] 1 --- [restaurant] [main] o.s.cloud.context.scope.GenericScope     : BeanFactory id=e1996ce2-a426-3f42-8cf8-8d12ae26f0ea
2025-08-06T07:37:31.202Z  INFO [restaurant] 1 --- [restaurant] [main] o.s.b.w.embedded.tomcat.TomcatWebServer  : Tomcat initialized with port 8090 (http)
2025-08-06T07:37:31.228Z  INFO [restaurant] 1 --- [restaurant] [main] o.apache.catalina.core.StandardService   : Starting service [Tomcat]
2025-08-06T07:37:31.229Z  INFO [restaurant] 1 --- [restaurant] [main] o.apache.catalina.core.StandardEngine    : Starting Servlet engine: [Apache Tomcat/10.1.42]
2025-08-06T07:37:31.270Z  INFO [restaurant] 1 --- [restaurant] [main] o.a.c.c.C.[Tomcat].[localhost].[/]       : Initializing Spring embedded WebApplicationContext
2025-08-06T07:37:31.271Z  INFO [restaurant] 1 --- [restaurant] [main] w.s.c.ServletWebServerApplicationContext : Root WebApplicationContext: initialization completed in 2645 ms
2025-08-06T07:37:31.732Z  INFO [restaurant] 1 --- [restaurant] [main] o.hibernate.jpa.internal.util.LogHelper  : HHH000204: Processing PersistenceUnitInfo [name: default]
2025-08-06T07:37:31.823Z  INFO [restaurant] 1 --- [restaurant] [main] org.hibernate.Version                    : HHH000412: Hibernate ORM core version 6.6.18.Final
2025-08-06T07:37:31.879Z  INFO [restaurant] 1 --- [restaurant] [main] o.h.c.internal.RegionFactoryInitiator    : HHH000026: Second-level cache disabled
2025-08-06T07:37:32.263Z  INFO [restaurant] 1 --- [restaurant] [main] o.s.o.j.p.SpringPersistenceUnitInfo      : No LoadTimeWeaver setup: ignoring JPA class transformer
2025-08-06T07:37:32.327Z  INFO [restaurant] 1 --- [restaurant] [main] com.zaxxer.hikari.HikariDataSource       : HikariPool-1 - Starting...
2025-08-06T07:37:32.703Z  INFO [restaurant] 1 --- [restaurant] [main] com.zaxxer.hikari.pool.HikariPool        : HikariPool-1 - Added connection org.postgresql.jdbc.PgConnection@37d3e740
2025-08-06T07:37:32.706Z  INFO [restaurant] 1 --- [restaurant] [main] com.zaxxer.hikari.HikariDataSource       : HikariPool-1 - Start completed.
2025-08-06T07:37:32.739Z  WARN [restaurant] 1 --- [restaurant] [main] org.hibernate.orm.deprecation            : HHH90000025: PostgreSQLDialect does not need to be specified explicitly using 'hibernate.dialect' (remove the property setting and it will be selected by default)
2025-08-06T07:37:32.758Z  INFO [restaurant] 1 --- [restaurant] [main] org.hibernate.orm.connections.pooling    : HHH10001005: Database info:
	Database JDBC URL [Connecting through datasource 'HikariDataSource (HikariPool-1)']
	Database driver: undefined/unknown
	Database version: 16.9
	Autocommit mode: undefined/unknown
	Isolation level: undefined/unknown
	Minimum pool size: undefined/unknown
	Maximum pool size: undefined/unknown
2025-08-06T07:37:33.608Z  INFO [restaurant] 1 --- [restaurant] [main] o.h.e.t.j.p.i.JtaPlatformInitiator       : HHH000489: No JTA platform available (set 'hibernate.transaction.jta.platform' to enable JTA platform integration)
2025-08-06T07:37:33.664Z  INFO [restaurant] 1 --- [restaurant] [main] j.LocalContainerEntityManagerFactoryBean : Initialized JPA EntityManagerFactory for persistence unit 'default'
2025-08-06T07:37:33.941Z  WARN [restaurant] 1 --- [restaurant] [main] JpaBaseConfiguration$JpaWebConfiguration : spring.jpa.open-in-view is enabled by default. Therefore, database queries may be performed during view rendering. Explicitly configure spring.jpa.open-in-view to disable this warning
2025-08-06T07:37:33.993Z  INFO [restaurant] 1 --- [restaurant] [main] r$InitializeUserDetailsManagerConfigurer : Global AuthenticationManager configured with UserDetailsService bean with name userDetailsService
2025-08-06T07:37:34.777Z  INFO [restaurant] 1 --- [restaurant] [main] o.s.b.a.e.web.EndpointLinksResolver      : Exposing 5 endpoints beneath base path '/actuator'
2025-08-06T07:37:34.842Z  INFO [restaurant] 1 --- [restaurant] [main] DiscoveryClientOptionalArgsConfiguration : Eureka HTTP Client uses RestTemplate.
2025-08-06T07:37:34.886Z  WARN [restaurant] 1 --- [restaurant] [main] iguration$LoadBalancerCaffeineWarnLogger : Spring Cloud LoadBalancer is currently working with the default cache. While this cache implementation is useful for development and tests, it's recommended to use Caffeine cache in production.You can switch to using Caffeine cache, by adding it and org.springframework.cache.caffeine.CaffeineCacheManager to the classpath.
2025-08-06T07:37:34.953Z  INFO [restaurant] 1 --- [restaurant] [main] o.s.c.n.eureka.InstanceInfoFactory       : Setting initial instance status as: STARTING
2025-08-06T07:37:34.975Z  INFO [restaurant] 1 --- [restaurant] [main] com.netflix.discovery.DiscoveryClient    : Initializing Eureka in region us-east-1
2025-08-06T07:37:34.979Z  INFO [restaurant] 1 --- [restaurant] [main] c.n.d.s.r.aws.ConfigClusterResolver      : Resolving eureka endpoints via configuration
2025-08-06T07:37:34.987Z  INFO [restaurant] 1 --- [restaurant] [main] com.netflix.discovery.DiscoveryClient    : Disable delta property : false
2025-08-06T07:37:34.987Z  INFO [restaurant] 1 --- [restaurant] [main] com.netflix.discovery.DiscoveryClient    : Single vip registry refresh property : null
2025-08-06T07:37:34.987Z  INFO [restaurant] 1 --- [restaurant] [main] com.netflix.discovery.DiscoveryClient    : Force full registry fetch : false
2025-08-06T07:37:34.987Z  INFO [restaurant] 1 --- [restaurant] [main] com.netflix.discovery.DiscoveryClient    : Application is null : false
2025-08-06T07:37:34.987Z  INFO [restaurant] 1 --- [restaurant] [main] com.netflix.discovery.DiscoveryClient    : Registered Applications size is zero : true
2025-08-06T07:37:34.987Z  INFO [restaurant] 1 --- [restaurant] [main] com.netflix.discovery.DiscoveryClient    : Application version is -1: true
2025-08-06T07:37:34.987Z  INFO [restaurant] 1 --- [restaurant] [main] com.netflix.discovery.DiscoveryClient    : Getting all instance registry info from the eureka server
2025-08-06T07:37:35.271Z  INFO [restaurant] 1 --- [restaurant] [main] com.netflix.discovery.DiscoveryClient    : The response status is 200
2025-08-06T07:37:35.274Z  INFO [restaurant] 1 --- [restaurant] [main] com.netflix.discovery.DiscoveryClient    : Starting heartbeat executor: renew interval is: 30
2025-08-06T07:37:35.276Z  INFO [restaurant] 1 --- [restaurant] [main] c.n.discovery.InstanceInfoReplicator     : InstanceInfoReplicator onDemand update allowed rate per min is 4
2025-08-06T07:37:35.277Z  INFO [restaurant] 1 --- [restaurant] [main] com.netflix.discovery.DiscoveryClient    : Discovery Client initialized at timestamp 1754465855277 with initial instances count: 3
2025-08-06T07:37:35.282Z  INFO [restaurant] 1 --- [restaurant] [main] o.s.c.n.e.s.EurekaServiceRegistry        : Registering application RESTAURANT with eureka with status UP
2025-08-06T07:37:35.283Z  INFO [restaurant] 1 --- [restaurant] [main] com.netflix.discovery.DiscoveryClient    : Saw local status change event StatusChangeEvent [timestamp=1754465855283, current=UP, previous=STARTING]
2025-08-06T07:37:35.285Z  INFO [restaurant] 1 --- [restaurant] [DiscoveryClient-InstanceInfoReplicator-%d] com.netflix.discovery.DiscoveryClient    : DiscoveryClient_RESTAURANT/2ac5da413e5b:restaurant:8090: registering service...
2025-08-06T07:37:35.299Z  INFO [restaurant] 1 --- [restaurant] [main] o.s.b.w.embedded.tomcat.TomcatWebServer  : Tomcat started on port 8090 (http) with context path '/'
2025-08-06T07:37:35.302Z  INFO [restaurant] 1 --- [restaurant] [main] .s.c.n.e.s.EurekaAutoServiceRegistration : Updating port to 8090
2025-08-06T07:37:35.326Z  INFO [restaurant] 1 --- [restaurant] [main] c.m.restaurant.RestaurantApplication     : Started RestaurantApplication in 8.103 seconds (process running for 8.858)
2025-08-06T07:37:35.346Z  INFO [restaurant] 1 --- [restaurant] [DiscoveryClient-InstanceInfoReplicator-%d] com.netflix.discovery.DiscoveryClient    : DiscoveryClient_RESTAURANT/2ac5da413e5b:restaurant:8090 - registration status: 204
2025-08-06T07:37:35.399Z  INFO [restaurant] 1 --- [restaurant] [main] c.m.restaurant.RestaurantApplication     : ########################################################################
2025-08-06T07:37:35.399Z  INFO [restaurant] 1 --- [restaurant] [main] c.m.restaurant.RestaurantApplication     : hello test for loki from restaruant application
2025-08-06T07:37:35.399Z  INFO [restaurant] 1 --- [restaurant] [main] c.m.restaurant.RestaurantApplication     : hello test for loki from restaruant application
2025-08-06T07:37:35.399Z  INFO [restaurant] 1 --- [restaurant] [main] c.m.restaurant.RestaurantApplication     : ########################################################################
2025-08-06T07:37:36.881Z  INFO [restaurant] 1 --- [restaurant] [http-nio-8090-exec-1] o.a.c.c.C.[Tomcat].[localhost].[/]       : Initializing Spring DispatcherServlet 'dispatcherServlet'
2025-08-06T07:37:36.882Z  INFO [restaurant] 1 --- [restaurant] [http-nio-8090-exec-1] o.s.web.servlet.DispatcherServlet        : Initializing Servlet 'dispatcherServlet'
2025-08-06T07:37:36.886Z  INFO [restaurant] 1 --- [restaurant] [http-nio-8090-exec-1] o.s.web.servlet.DispatcherServlet        : Completed initialization in 3 ms
2025-08-06T07:42:34.990Z  INFO [restaurant] 1 --- [restaurant] [AsyncResolver-bootstrap-executor-%d] c.n.d.s.r.aws.ConfigClusterResolver      : Resolving eureka endpoints via configuration
2025-08-06T07:42:52.217Z  INFO [restaurant] 1 --- [restaurant] [SpringApplicationShutdownHook] o.s.c.n.e.s.EurekaServiceRegistry        : Unregistering application RESTAURANT with eureka with status DOWN
2025-08-06T07:42:52.217Z  INFO [restaurant] 1 --- [restaurant] [SpringApplicationShutdownHook] com.netflix.discovery.DiscoveryClient    : Saw local status change event StatusChangeEvent [timestamp=1754466172217, current=DOWN, previous=UP]
2025-08-06T07:42:52.218Z  INFO [restaurant] 1 --- [restaurant] [DiscoveryClient-InstanceInfoReplicator-%d] com.netflix.discovery.DiscoveryClient    : DiscoveryClient_RESTAURANT/2ac5da413e5b:restaurant:8090: registering service...
2025-08-06T07:42:52.220Z  INFO [restaurant] 1 --- [restaurant] [SpringApplicationShutdownHook] o.s.b.w.e.tomcat.GracefulShutdown        : Commencing graceful shutdown. Waiting for active requests to complete
2025-08-06T07:42:52.223Z  INFO [restaurant] 1 --- [restaurant] [tomcat-shutdown] o.s.b.w.e.tomcat.GracefulShutdown        : Graceful shutdown complete
2025-08-06T07:42:52.225Z  INFO [restaurant] 1 --- [restaurant] [DiscoveryClient-InstanceInfoReplicator-%d] com.netflix.discovery.DiscoveryClient    : DiscoveryClient_RESTAURANT/2ac5da413e5b:restaurant:8090 - registration status: 204
2025-08-06T07:42:52.232Z  INFO [restaurant] 1 --- [restaurant] [SpringApplicationShutdownHook] j.LocalContainerEntityManagerFactoryBean : Closing JPA EntityManagerFactory for persistence unit 'default'
2025-08-06T07:42:52.234Z  INFO [restaurant] 1 --- [restaurant] [SpringApplicationShutdownHook] com.zaxxer.hikari.HikariDataSource       : HikariPool-1 - Shutdown initiated...
2025-08-06T07:42:52.242Z  INFO [restaurant] 1 --- [restaurant] [SpringApplicationShutdownHook] com.zaxxer.hikari.HikariDataSource       : HikariPool-1 - Shutdown completed.
2025-08-06T07:42:52.245Z  INFO [restaurant] 1 --- [restaurant] [SpringApplicationShutdownHook] com.netflix.discovery.DiscoveryClient    : Shutting down DiscoveryClient ...
2025-08-06T07:42:55.246Z  INFO [restaurant] 1 --- [restaurant] [SpringApplicationShutdownHook] com.netflix.discovery.DiscoveryClient    : Unregistering ...
2025-08-06T07:42:55.265Z  INFO [restaurant] 1 --- [restaurant] [SpringApplicationShutdownHook] com.netflix.discovery.DiscoveryClient    : DiscoveryClient_RESTAURANT/2ac5da413e5b:restaurant:8090 - deregister  status: 200
2025-08-06T07:42:55.266Z  INFO [restaurant] 1 --- [restaurant] [SpringApplicationShutdownHook] com.netflix.discovery.DiscoveryClient    : Completed shut down of DiscoveryClient
2025-08-06T07:43:48.665Z  INFO [restaurant] 1 --- [restaurant] [main] c.m.restaurant.RestaurantApplication     : Starting RestaurantApplication v0.0.1-SNAPSHOT using Java 21.0.8 with PID 1 (/app/restaurant-service.jar started by root in /app)
2025-08-06T07:43:48.667Z DEBUG [restaurant] 1 --- [restaurant] [main] c.m.restaurant.RestaurantApplication     : Running with Spring Boot v3.5.3, Spring v6.2.8
2025-08-06T07:43:48.668Z  INFO [restaurant] 1 --- [restaurant] [main] c.m.restaurant.RestaurantApplication     : The following 1 profile is active: "dev"
2025-08-06T07:43:48.741Z  INFO [restaurant] 1 --- [restaurant] [main] o.s.c.c.c.ConfigServerConfigDataLoader   : Fetching config from server at : http://configuration-service:8888
2025-08-06T07:43:48.741Z  INFO [restaurant] 1 --- [restaurant] [main] o.s.c.c.c.ConfigServerConfigDataLoader   : Located environment: name=restaurant, profiles=[default], label=null, version=null, state=null
2025-08-06T07:43:48.741Z  INFO [restaurant] 1 --- [restaurant] [main] o.s.c.c.c.ConfigServerConfigDataLoader   : Fetching config from server at : http://configuration-service:8888
2025-08-06T07:43:48.741Z  INFO [restaurant] 1 --- [restaurant] [main] o.s.c.c.c.ConfigServerConfigDataLoader   : Located environment: name=restaurant, profiles=[dev], label=null, version=null, state=null
2025-08-06T07:43:49.769Z  INFO [restaurant] 1 --- [restaurant] [main] .s.d.r.c.RepositoryConfigurationDelegate : Bootstrapping Spring Data JPA repositories in DEFAULT mode.
2025-08-06T07:43:49.919Z  INFO [restaurant] 1 --- [restaurant] [main] .s.d.r.c.RepositoryConfigurationDelegate : Finished Spring Data repository scanning in 139 ms. Found 1 JPA repository interface.
2025-08-06T07:43:50.253Z  INFO [restaurant] 1 --- [restaurant] [main] o.s.cloud.context.scope.GenericScope     : BeanFactory id=e1996ce2-a426-3f42-8cf8-8d12ae26f0ea
2025-08-06T07:43:50.743Z  INFO [restaurant] 1 --- [restaurant] [main] o.s.b.w.embedded.tomcat.TomcatWebServer  : Tomcat initialized with port 8090 (http)
2025-08-06T07:43:50.757Z  INFO [restaurant] 1 --- [restaurant] [main] o.apache.catalina.core.StandardService   : Starting service [Tomcat]
2025-08-06T07:43:50.758Z  INFO [restaurant] 1 --- [restaurant] [main] o.apache.catalina.core.StandardEngine    : Starting Servlet engine: [Apache Tomcat/10.1.42]
2025-08-06T07:43:50.789Z  INFO [restaurant] 1 --- [restaurant] [main] o.a.c.c.C.[Tomcat].[localhost].[/]       : Initializing Spring embedded WebApplicationContext
2025-08-06T07:43:50.790Z  INFO [restaurant] 1 --- [restaurant] [main] w.s.c.ServletWebServerApplicationContext : Root WebApplicationContext: initialization completed in 2046 ms
2025-08-06T07:43:51.224Z  INFO [restaurant] 1 --- [restaurant] [main] o.hibernate.jpa.internal.util.LogHelper  : HHH000204: Processing PersistenceUnitInfo [name: default]
2025-08-06T07:43:51.282Z  INFO [restaurant] 1 --- [restaurant] [main] org.hibernate.Version                    : HHH000412: Hibernate ORM core version 6.6.18.Final
2025-08-06T07:43:51.314Z  INFO [restaurant] 1 --- [restaurant] [main] o.h.c.internal.RegionFactoryInitiator    : HHH000026: Second-level cache disabled
2025-08-06T07:43:51.767Z  INFO [restaurant] 1 --- [restaurant] [main] o.s.o.j.p.SpringPersistenceUnitInfo      : No LoadTimeWeaver setup: ignoring JPA class transformer
2025-08-06T07:43:51.806Z  INFO [restaurant] 1 --- [restaurant] [main] com.zaxxer.hikari.HikariDataSource       : HikariPool-1 - Starting...
2025-08-06T07:43:52.166Z  INFO [restaurant] 1 --- [restaurant] [main] com.zaxxer.hikari.pool.HikariPool        : HikariPool-1 - Added connection org.postgresql.jdbc.PgConnection@23e573e
2025-08-06T07:43:52.168Z  INFO [restaurant] 1 --- [restaurant] [main] com.zaxxer.hikari.HikariDataSource       : HikariPool-1 - Start completed.
2025-08-06T07:43:52.207Z  WARN [restaurant] 1 --- [restaurant] [main] org.hibernate.orm.deprecation            : HHH90000025: PostgreSQLDialect does not need to be specified explicitly using 'hibernate.dialect' (remove the property setting and it will be selected by default)
2025-08-06T07:43:52.228Z  INFO [restaurant] 1 --- [restaurant] [main] org.hibernate.orm.connections.pooling    : HHH10001005: Database info:
	Database JDBC URL [Connecting through datasource 'HikariDataSource (HikariPool-1)']
	Database driver: undefined/unknown
	Database version: 16.9
	Autocommit mode: undefined/unknown
	Isolation level: undefined/unknown
	Minimum pool size: undefined/unknown
	Maximum pool size: undefined/unknown
2025-08-06T07:43:53.095Z  INFO [restaurant] 1 --- [restaurant] [main] o.h.e.t.j.p.i.JtaPlatformInitiator       : HHH000489: No JTA platform available (set 'hibernate.transaction.jta.platform' to enable JTA platform integration)
2025-08-06T07:43:53.147Z  INFO [restaurant] 1 --- [restaurant] [main] j.LocalContainerEntityManagerFactoryBean : Initialized JPA EntityManagerFactory for persistence unit 'default'
2025-08-06T07:43:53.379Z  WARN [restaurant] 1 --- [restaurant] [main] JpaBaseConfiguration$JpaWebConfiguration : spring.jpa.open-in-view is enabled by default. Therefore, database queries may be performed during view rendering. Explicitly configure spring.jpa.open-in-view to disable this warning
2025-08-06T07:43:53.438Z  INFO [restaurant] 1 --- [restaurant] [main] r$InitializeUserDetailsManagerConfigurer : Global AuthenticationManager configured with UserDetailsService bean with name userDetailsService
2025-08-06T07:43:54.203Z  INFO [restaurant] 1 --- [restaurant] [main] o.s.b.a.e.web.EndpointLinksResolver      : Exposing 5 endpoints beneath base path '/actuator'
2025-08-06T07:43:54.267Z  INFO [restaurant] 1 --- [restaurant] [main] DiscoveryClientOptionalArgsConfiguration : Eureka HTTP Client uses RestTemplate.
2025-08-06T07:43:54.319Z  WARN [restaurant] 1 --- [restaurant] [main] iguration$LoadBalancerCaffeineWarnLogger : Spring Cloud LoadBalancer is currently working with the default cache. While this cache implementation is useful for development and tests, it's recommended to use Caffeine cache in production.You can switch to using Caffeine cache, by adding it and org.springframework.cache.caffeine.CaffeineCacheManager to the classpath.
2025-08-06T07:43:54.392Z  INFO [restaurant] 1 --- [restaurant] [main] o.s.c.n.eureka.InstanceInfoFactory       : Setting initial instance status as: STARTING
2025-08-06T07:43:54.415Z  INFO [restaurant] 1 --- [restaurant] [main] com.netflix.discovery.DiscoveryClient    : Initializing Eureka in region us-east-1
2025-08-06T07:43:54.419Z  INFO [restaurant] 1 --- [restaurant] [main] c.n.d.s.r.aws.ConfigClusterResolver      : Resolving eureka endpoints via configuration
2025-08-06T07:43:54.427Z  INFO [restaurant] 1 --- [restaurant] [main] com.netflix.discovery.DiscoveryClient    : Disable delta property : false
2025-08-06T07:43:54.428Z  INFO [restaurant] 1 --- [restaurant] [main] com.netflix.discovery.DiscoveryClient    : Single vip registry refresh property : null
2025-08-06T07:43:54.428Z  INFO [restaurant] 1 --- [restaurant] [main] com.netflix.discovery.DiscoveryClient    : Force full registry fetch : false
2025-08-06T07:43:54.428Z  INFO [restaurant] 1 --- [restaurant] [main] com.netflix.discovery.DiscoveryClient    : Application is null : false
2025-08-06T07:43:54.428Z  INFO [restaurant] 1 --- [restaurant] [main] com.netflix.discovery.DiscoveryClient    : Registered Applications size is zero : true
2025-08-06T07:43:54.428Z  INFO [restaurant] 1 --- [restaurant] [main] com.netflix.discovery.DiscoveryClient    : Application version is -1: true
2025-08-06T07:43:54.428Z  INFO [restaurant] 1 --- [restaurant] [main] com.netflix.discovery.DiscoveryClient    : Getting all instance registry info from the eureka server
2025-08-06T07:43:54.717Z  INFO [restaurant] 1 --- [restaurant] [main] com.netflix.discovery.DiscoveryClient    : The response status is 200
2025-08-06T07:43:54.719Z  INFO [restaurant] 1 --- [restaurant] [main] com.netflix.discovery.DiscoveryClient    : Starting heartbeat executor: renew interval is: 30
2025-08-06T07:43:54.721Z  INFO [restaurant] 1 --- [restaurant] [main] c.n.discovery.InstanceInfoReplicator     : InstanceInfoReplicator onDemand update allowed rate per min is 4
2025-08-06T07:43:54.722Z  INFO [restaurant] 1 --- [restaurant] [main] com.netflix.discovery.DiscoveryClient    : Discovery Client initialized at timestamp 1754466234722 with initial instances count: 2
2025-08-06T07:43:54.726Z  INFO [restaurant] 1 --- [restaurant] [main] o.s.c.n.e.s.EurekaServiceRegistry        : Registering application RESTAURANT with eureka with status UP
2025-08-06T07:43:54.726Z  INFO [restaurant] 1 --- [restaurant] [main] com.netflix.discovery.DiscoveryClient    : Saw local status change event StatusChangeEvent [timestamp=1754466234726, current=UP, previous=STARTING]
2025-08-06T07:43:54.728Z  INFO [restaurant] 1 --- [restaurant] [DiscoveryClient-InstanceInfoReplicator-%d] com.netflix.discovery.DiscoveryClient    : DiscoveryClient_RESTAURANT/c07f707d312b:restaurant:8090: registering service...
2025-08-06T07:43:54.740Z  INFO [restaurant] 1 --- [restaurant] [main] o.s.b.w.embedded.tomcat.TomcatWebServer  : Tomcat started on port 8090 (http) with context path '/'
2025-08-06T07:43:54.741Z  INFO [restaurant] 1 --- [restaurant] [main] .s.c.n.e.s.EurekaAutoServiceRegistration : Updating port to 8090
2025-08-06T07:43:54.757Z  INFO [restaurant] 1 --- [restaurant] [main] c.m.restaurant.RestaurantApplication     : Started RestaurantApplication in 7.168 seconds (process running for 8.179)
2025-08-06T07:43:54.769Z  INFO [restaurant] 1 --- [restaurant] [DiscoveryClient-InstanceInfoReplicator-%d] com.netflix.discovery.DiscoveryClient    : DiscoveryClient_RESTAURANT/c07f707d312b:restaurant:8090 - registration status: 204
2025-08-06T07:43:54.826Z  INFO [restaurant] 1 --- [restaurant] [main] c.m.restaurant.RestaurantApplication     : ########################################################################
2025-08-06T07:43:54.826Z  INFO [restaurant] 1 --- [restaurant] [main] c.m.restaurant.RestaurantApplication     : hello test for loki from restaruant application
2025-08-06T07:43:54.827Z  INFO [restaurant] 1 --- [restaurant] [main] c.m.restaurant.RestaurantApplication     : hello test for loki from restaruant application
2025-08-06T07:43:54.827Z  INFO [restaurant] 1 --- [restaurant] [main] c.m.restaurant.RestaurantApplication     : ########################################################################
2025-08-06T07:43:57.025Z  INFO [restaurant] 1 --- [restaurant] [http-nio-8090-exec-1] o.a.c.c.C.[Tomcat].[localhost].[/]       : Initializing Spring DispatcherServlet 'dispatcherServlet'
2025-08-06T07:43:57.027Z  INFO [restaurant] 1 --- [restaurant] [http-nio-8090-exec-1] o.s.web.servlet.DispatcherServlet        : Initializing Servlet 'dispatcherServlet'
2025-08-06T07:43:57.032Z  INFO [restaurant] 1 --- [restaurant] [http-nio-8090-exec-1] o.s.web.servlet.DispatcherServlet        : Completed initialization in 4 ms
2025-08-06T07:48:54.431Z  INFO [restaurant] 1 --- [restaurant] [AsyncResolver-bootstrap-executor-%d] c.n.d.s.r.aws.ConfigClusterResolver      : Resolving eureka endpoints via configuration
2025-08-06T07:53:54.433Z  INFO [restaurant] 1 --- [restaurant] [AsyncResolver-bootstrap-executor-%d] c.n.d.s.r.aws.ConfigClusterResolver      : Resolving eureka endpoints via configuration
2025-08-06T07:58:54.434Z  INFO [restaurant] 1 --- [restaurant] [AsyncResolver-bootstrap-executor-%d] c.n.d.s.r.aws.ConfigClusterResolver      : Resolving eureka endpoints via configuration
2025-08-06T08:03:54.436Z  INFO [restaurant] 1 --- [restaurant] [AsyncResolver-bootstrap-executor-%d] c.n.d.s.r.aws.ConfigClusterResolver      : Resolving eureka endpoints via configuration
2025-08-06T08:08:54.437Z  INFO [restaurant] 1 --- [restaurant] [AsyncResolver-bootstrap-executor-%d] c.n.d.s.r.aws.ConfigClusterResolver      : Resolving eureka endpoints via configuration
2025-08-06T08:13:54.439Z  INFO [restaurant] 1 --- [restaurant] [AsyncResolver-bootstrap-executor-%d] c.n.d.s.r.aws.ConfigClusterResolver      : Resolving eureka endpoints via configuration
2025-08-06T08:15:20.063Z  INFO [restaurant] 1 --- [restaurant] [SpringApplicationShutdownHook] o.s.c.n.e.s.EurekaServiceRegistry        : Unregistering application RESTAURANT with eureka with status DOWN
2025-08-06T08:15:20.063Z  INFO [restaurant] 1 --- [restaurant] [SpringApplicationShutdownHook] com.netflix.discovery.DiscoveryClient    : Saw local status change event StatusChangeEvent [timestamp=1754468120063, current=DOWN, previous=UP]
2025-08-06T08:15:20.063Z  INFO [restaurant] 1 --- [restaurant] [DiscoveryClient-InstanceInfoReplicator-%d] com.netflix.discovery.DiscoveryClient    : DiscoveryClient_RESTAURANT/c07f707d312b:restaurant:8090: registering service...
2025-08-06T08:15:20.065Z  INFO [restaurant] 1 --- [restaurant] [SpringApplicationShutdownHook] o.s.b.w.e.tomcat.GracefulShutdown        : Commencing graceful shutdown. Waiting for active requests to complete
2025-08-06T08:15:20.067Z  INFO [restaurant] 1 --- [restaurant] [tomcat-shutdown] o.s.b.w.e.tomcat.GracefulShutdown        : Graceful shutdown complete
2025-08-06T08:15:20.074Z  INFO [restaurant] 1 --- [restaurant] [DiscoveryClient-InstanceInfoReplicator-%d] com.netflix.discovery.DiscoveryClient    : DiscoveryClient_RESTAURANT/c07f707d312b:restaurant:8090 - registration status: 204
2025-08-06T08:15:20.075Z  INFO [restaurant] 1 --- [restaurant] [SpringApplicationShutdownHook] j.LocalContainerEntityManagerFactoryBean : Closing JPA EntityManagerFactory for persistence unit 'default'
2025-08-06T08:15:20.077Z  INFO [restaurant] 1 --- [restaurant] [SpringApplicationShutdownHook] com.zaxxer.hikari.HikariDataSource       : HikariPool-1 - Shutdown initiated...
2025-08-06T08:15:20.083Z  INFO [restaurant] 1 --- [restaurant] [SpringApplicationShutdownHook] com.zaxxer.hikari.HikariDataSource       : HikariPool-1 - Shutdown completed.
2025-08-06T08:15:20.084Z  INFO [restaurant] 1 --- [restaurant] [SpringApplicationShutdownHook] com.netflix.discovery.DiscoveryClient    : Shutting down DiscoveryClient ...
2025-08-06T08:15:23.086Z  INFO [restaurant] 1 --- [restaurant] [SpringApplicationShutdownHook] com.netflix.discovery.DiscoveryClient    : Unregistering ...
2025-08-06T08:15:23.105Z  INFO [restaurant] 1 --- [restaurant] [SpringApplicationShutdownHook] com.netflix.discovery.DiscoveryClient    : DiscoveryClient_RESTAURANT/c07f707d312b:restaurant:8090 - deregister  status: 200
2025-08-06T08:15:23.106Z  INFO [restaurant] 1 --- [restaurant] [SpringApplicationShutdownHook] com.netflix.discovery.DiscoveryClient    : Completed shut down of DiscoveryClient
2025-08-06T08:16:35.410Z  INFO [restaurant] 1 --- [restaurant] [main] c.m.restaurant.RestaurantApplication     : Starting RestaurantApplication v0.0.1-SNAPSHOT using Java 21.0.8 with PID 1 (/app/restaurant-service.jar started by root in /app)
2025-08-06T08:16:35.413Z DEBUG [restaurant] 1 --- [restaurant] [main] c.m.restaurant.RestaurantApplication     : Running with Spring Boot v3.5.3, Spring v6.2.8
2025-08-06T08:16:35.414Z  INFO [restaurant] 1 --- [restaurant] [main] c.m.restaurant.RestaurantApplication     : The following 1 profile is active: "dev"
2025-08-06T08:16:35.515Z  INFO [restaurant] 1 --- [restaurant] [main] o.s.c.c.c.ConfigServerConfigDataLoader   : Fetching config from server at : http://configuration-service:8888
2025-08-06T08:16:35.515Z  INFO [restaurant] 1 --- [restaurant] [main] o.s.c.c.c.ConfigServerConfigDataLoader   : Located environment: name=restaurant, profiles=[default], label=null, version=null, state=null
2025-08-06T08:16:35.515Z  INFO [restaurant] 1 --- [restaurant] [main] o.s.c.c.c.ConfigServerConfigDataLoader   : Fetching config from server at : http://configuration-service:8888
2025-08-06T08:16:35.515Z  INFO [restaurant] 1 --- [restaurant] [main] o.s.c.c.c.ConfigServerConfigDataLoader   : Located environment: name=restaurant, profiles=[dev], label=null, version=null, state=null
2025-08-06T08:16:37.383Z  INFO [restaurant] 1 --- [restaurant] [main] .s.d.r.c.RepositoryConfigurationDelegate : Bootstrapping Spring Data JPA repositories in DEFAULT mode.
2025-08-06T08:16:37.726Z  INFO [restaurant] 1 --- [restaurant] [main] .s.d.r.c.RepositoryConfigurationDelegate : Finished Spring Data repository scanning in 299 ms. Found 1 JPA repository interface.
2025-08-06T08:16:38.444Z  INFO [restaurant] 1 --- [restaurant] [main] o.s.cloud.context.scope.GenericScope     : BeanFactory id=e1996ce2-a426-3f42-8cf8-8d12ae26f0ea
2025-08-06T08:16:39.529Z  INFO [restaurant] 1 --- [restaurant] [main] o.s.b.w.embedded.tomcat.TomcatWebServer  : Tomcat initialized with port 8090 (http)
2025-08-06T08:16:39.559Z  INFO [restaurant] 1 --- [restaurant] [main] o.apache.catalina.core.StandardService   : Starting service [Tomcat]
2025-08-06T08:16:39.560Z  INFO [restaurant] 1 --- [restaurant] [main] o.apache.catalina.core.StandardEngine    : Starting Servlet engine: [Apache Tomcat/10.1.42]
2025-08-06T08:16:39.614Z  INFO [restaurant] 1 --- [restaurant] [main] o.a.c.c.C.[Tomcat].[localhost].[/]       : Initializing Spring embedded WebApplicationContext
2025-08-06T08:16:39.615Z  INFO [restaurant] 1 --- [restaurant] [main] w.s.c.ServletWebServerApplicationContext : Root WebApplicationContext: initialization completed in 4098 ms
2025-08-06T08:16:40.495Z  INFO [restaurant] 1 --- [restaurant] [main] o.hibernate.jpa.internal.util.LogHelper  : HHH000204: Processing PersistenceUnitInfo [name: default]
2025-08-06T08:16:40.640Z  INFO [restaurant] 1 --- [restaurant] [main] org.hibernate.Version                    : HHH000412: Hibernate ORM core version 6.6.18.Final
2025-08-06T08:16:40.729Z  INFO [restaurant] 1 --- [restaurant] [main] o.h.c.internal.RegionFactoryInitiator    : HHH000026: Second-level cache disabled
2025-08-06T08:16:41.376Z  INFO [restaurant] 1 --- [restaurant] [main] o.s.o.j.p.SpringPersistenceUnitInfo      : No LoadTimeWeaver setup: ignoring JPA class transformer
2025-08-06T08:16:41.447Z  INFO [restaurant] 1 --- [restaurant] [main] com.zaxxer.hikari.HikariDataSource       : HikariPool-1 - Starting...
2025-08-06T08:16:42.057Z  INFO [restaurant] 1 --- [restaurant] [main] com.zaxxer.hikari.pool.HikariPool        : HikariPool-1 - Added connection org.postgresql.jdbc.PgConnection@6ba0dcba
2025-08-06T08:16:42.060Z  INFO [restaurant] 1 --- [restaurant] [main] com.zaxxer.hikari.HikariDataSource       : HikariPool-1 - Start completed.
2025-08-06T08:16:42.104Z  WARN [restaurant] 1 --- [restaurant] [main] org.hibernate.orm.deprecation            : HHH90000025: PostgreSQLDialect does not need to be specified explicitly using 'hibernate.dialect' (remove the property setting and it will be selected by default)
2025-08-06T08:16:42.142Z  INFO [restaurant] 1 --- [restaurant] [main] org.hibernate.orm.connections.pooling    : HHH10001005: Database info:
	Database JDBC URL [Connecting through datasource 'HikariDataSource (HikariPool-1)']
	Database driver: undefined/unknown
	Database version: 16.9
	Autocommit mode: undefined/unknown
	Isolation level: undefined/unknown
	Minimum pool size: undefined/unknown
	Maximum pool size: undefined/unknown
2025-08-06T08:16:43.607Z  INFO [restaurant] 1 --- [restaurant] [main] o.h.e.t.j.p.i.JtaPlatformInitiator       : HHH000489: No JTA platform available (set 'hibernate.transaction.jta.platform' to enable JTA platform integration)
2025-08-06T08:16:43.681Z  INFO [restaurant] 1 --- [restaurant] [main] j.LocalContainerEntityManagerFactoryBean : Initialized JPA EntityManagerFactory for persistence unit 'default'
2025-08-06T08:16:44.151Z  WARN [restaurant] 1 --- [restaurant] [main] JpaBaseConfiguration$JpaWebConfiguration : spring.jpa.open-in-view is enabled by default. Therefore, database queries may be performed during view rendering. Explicitly configure spring.jpa.open-in-view to disable this warning
2025-08-06T08:16:44.283Z  INFO [restaurant] 1 --- [restaurant] [main] r$InitializeUserDetailsManagerConfigurer : Global AuthenticationManager configured with UserDetailsService bean with name userDetailsService
2025-08-06T08:16:46.080Z  INFO [restaurant] 1 --- [restaurant] [main] o.s.b.a.e.web.EndpointLinksResolver      : Exposing 5 endpoints beneath base path '/actuator'
2025-08-06T08:16:46.216Z  INFO [restaurant] 1 --- [restaurant] [main] DiscoveryClientOptionalArgsConfiguration : Eureka HTTP Client uses RestTemplate.
2025-08-06T08:16:46.311Z  WARN [restaurant] 1 --- [restaurant] [main] iguration$LoadBalancerCaffeineWarnLogger : Spring Cloud LoadBalancer is currently working with the default cache. While this cache implementation is useful for development and tests, it's recommended to use Caffeine cache in production.You can switch to using Caffeine cache, by adding it and org.springframework.cache.caffeine.CaffeineCacheManager to the classpath.
2025-08-06T08:16:46.412Z  INFO [restaurant] 1 --- [restaurant] [main] o.s.c.n.eureka.InstanceInfoFactory       : Setting initial instance status as: STARTING
2025-08-06T08:16:46.449Z  INFO [restaurant] 1 --- [restaurant] [main] com.netflix.discovery.DiscoveryClient    : Initializing Eureka in region us-east-1
2025-08-06T08:16:46.453Z  INFO [restaurant] 1 --- [restaurant] [main] c.n.d.s.r.aws.ConfigClusterResolver      : Resolving eureka endpoints via configuration
2025-08-06T08:16:46.468Z  INFO [restaurant] 1 --- [restaurant] [main] com.netflix.discovery.DiscoveryClient    : Disable delta property : false
2025-08-06T08:16:46.468Z  INFO [restaurant] 1 --- [restaurant] [main] com.netflix.discovery.DiscoveryClient    : Single vip registry refresh property : null
2025-08-06T08:16:46.469Z  INFO [restaurant] 1 --- [restaurant] [main] com.netflix.discovery.DiscoveryClient    : Force full registry fetch : false
2025-08-06T08:16:46.469Z  INFO [restaurant] 1 --- [restaurant] [main] com.netflix.discovery.DiscoveryClient    : Application is null : false
2025-08-06T08:16:46.469Z  INFO [restaurant] 1 --- [restaurant] [main] com.netflix.discovery.DiscoveryClient    : Registered Applications size is zero : true
2025-08-06T08:16:46.469Z  INFO [restaurant] 1 --- [restaurant] [main] com.netflix.discovery.DiscoveryClient    : Application version is -1: true
2025-08-06T08:16:46.469Z  INFO [restaurant] 1 --- [restaurant] [main] com.netflix.discovery.DiscoveryClient    : Getting all instance registry info from the eureka server
2025-08-06T08:16:46.931Z  INFO [restaurant] 1 --- [restaurant] [main] com.netflix.discovery.DiscoveryClient    : The response status is 200
2025-08-06T08:16:46.933Z  INFO [restaurant] 1 --- [restaurant] [main] com.netflix.discovery.DiscoveryClient    : Starting heartbeat executor: renew interval is: 30
2025-08-06T08:16:46.937Z  INFO [restaurant] 1 --- [restaurant] [main] c.n.discovery.InstanceInfoReplicator     : InstanceInfoReplicator onDemand update allowed rate per min is 4
2025-08-06T08:16:46.941Z  INFO [restaurant] 1 --- [restaurant] [main] com.netflix.discovery.DiscoveryClient    : Discovery Client initialized at timestamp 1754468206940 with initial instances count: 2
2025-08-06T08:16:46.951Z  INFO [restaurant] 1 --- [restaurant] [main] o.s.c.n.e.s.EurekaServiceRegistry        : Registering application RESTAURANT with eureka with status UP
2025-08-06T08:16:46.953Z  INFO [restaurant] 1 --- [restaurant] [main] com.netflix.discovery.DiscoveryClient    : Saw local status change event StatusChangeEvent [timestamp=1754468206953, current=UP, previous=STARTING]
2025-08-06T08:16:46.957Z  INFO [restaurant] 1 --- [restaurant] [DiscoveryClient-InstanceInfoReplicator-%d] com.netflix.discovery.DiscoveryClient    : DiscoveryClient_RESTAURANT/c1a95bb9c9a1:restaurant:8090: registering service...
2025-08-06T08:16:46.985Z  INFO [restaurant] 1 --- [restaurant] [main] o.s.b.w.embedded.tomcat.TomcatWebServer  : Tomcat started on port 8090 (http) with context path '/'
2025-08-06T08:16:46.988Z  INFO [restaurant] 1 --- [restaurant] [main] .s.c.n.e.s.EurekaAutoServiceRegistration : Updating port to 8090
2025-08-06T08:16:47.026Z  INFO [restaurant] 1 --- [restaurant] [main] c.m.restaurant.RestaurantApplication     : Started RestaurantApplication in 13.448 seconds (process running for 14.637)
2025-08-06T08:16:47.073Z  INFO [restaurant] 1 --- [restaurant] [DiscoveryClient-InstanceInfoReplicator-%d] com.netflix.discovery.DiscoveryClient    : DiscoveryClient_RESTAURANT/c1a95bb9c9a1:restaurant:8090 - registration status: 204
2025-08-06T08:16:47.149Z  INFO [restaurant] 1 --- [restaurant] [main] c.m.restaurant.RestaurantApplication     : ########################################################################
2025-08-06T08:16:47.150Z  INFO [restaurant] 1 --- [restaurant] [main] c.m.restaurant.RestaurantApplication     : hello test for loki from restaruant application
2025-08-06T08:16:47.150Z  INFO [restaurant] 1 --- [restaurant] [main] c.m.restaurant.RestaurantApplication     : hello test for loki from restaruant application
2025-08-06T08:16:47.150Z  INFO [restaurant] 1 --- [restaurant] [main] c.m.restaurant.RestaurantApplication     : ########################################################################
2025-08-06T08:17:02.882Z  INFO [restaurant] 1 --- [restaurant] [http-nio-8090-exec-1] o.a.c.c.C.[Tomcat].[localhost].[/]       : Initializing Spring DispatcherServlet 'dispatcherServlet'
2025-08-06T08:17:02.883Z  INFO [restaurant] 1 --- [restaurant] [http-nio-8090-exec-1] o.s.web.servlet.DispatcherServlet        : Initializing Servlet 'dispatcherServlet'
2025-08-06T08:17:02.885Z  INFO [restaurant] 1 --- [restaurant] [http-nio-8090-exec-1] o.s.web.servlet.DispatcherServlet        : Completed initialization in 2 ms
2025-08-06T08:21:46.472Z  INFO [restaurant] 1 --- [restaurant] [AsyncResolver-bootstrap-executor-%d] c.n.d.s.r.aws.ConfigClusterResolver      : Resolving eureka endpoints via configuration
2025-08-06T08:23:47.387Z  INFO [restaurant] 1 --- [restaurant] [SpringApplicationShutdownHook] o.s.c.n.e.s.EurekaServiceRegistry        : Unregistering application RESTAURANT with eureka with status DOWN
2025-08-06T08:23:47.387Z  INFO [restaurant] 1 --- [restaurant] [SpringApplicationShutdownHook] com.netflix.discovery.DiscoveryClient    : Saw local status change event StatusChangeEvent [timestamp=1754468627387, current=DOWN, previous=UP]
2025-08-06T08:23:47.388Z  INFO [restaurant] 1 --- [restaurant] [DiscoveryClient-InstanceInfoReplicator-%d] com.netflix.discovery.DiscoveryClient    : DiscoveryClient_RESTAURANT/c1a95bb9c9a1:restaurant:8090: registering service...
2025-08-06T08:23:47.394Z  INFO [restaurant] 1 --- [restaurant] [SpringApplicationShutdownHook] o.s.b.w.e.tomcat.GracefulShutdown        : Commencing graceful shutdown. Waiting for active requests to complete
2025-08-06T08:23:47.407Z  INFO [restaurant] 1 --- [restaurant] [DiscoveryClient-InstanceInfoReplicator-%d] com.netflix.discovery.DiscoveryClient    : DiscoveryClient_RESTAURANT/c1a95bb9c9a1:restaurant:8090 - registration status: 204
2025-08-06T08:23:47.408Z  INFO [restaurant] 1 --- [restaurant] [tomcat-shutdown] o.s.b.w.e.tomcat.GracefulShutdown        : Graceful shutdown complete
2025-08-06T08:23:47.423Z  INFO [restaurant] 1 --- [restaurant] [SpringApplicationShutdownHook] j.LocalContainerEntityManagerFactoryBean : Closing JPA EntityManagerFactory for persistence unit 'default'
2025-08-06T08:23:47.427Z  INFO [restaurant] 1 --- [restaurant] [SpringApplicationShutdownHook] com.zaxxer.hikari.HikariDataSource       : HikariPool-1 - Shutdown initiated...
2025-08-06T08:23:47.443Z  INFO [restaurant] 1 --- [restaurant] [SpringApplicationShutdownHook] com.zaxxer.hikari.HikariDataSource       : HikariPool-1 - Shutdown completed.
2025-08-06T08:23:47.445Z  INFO [restaurant] 1 --- [restaurant] [SpringApplicationShutdownHook] com.netflix.discovery.DiscoveryClient    : Shutting down DiscoveryClient ...
2025-08-06T08:23:50.446Z  INFO [restaurant] 1 --- [restaurant] [SpringApplicationShutdownHook] com.netflix.discovery.DiscoveryClient    : Unregistering ...
2025-08-06T08:23:50.477Z  INFO [restaurant] 1 --- [restaurant] [SpringApplicationShutdownHook] com.netflix.discovery.DiscoveryClient    : DiscoveryClient_RESTAURANT/c1a95bb9c9a1:restaurant:8090 - deregister  status: 200
2025-08-06T08:23:50.478Z  INFO [restaurant] 1 --- [restaurant] [SpringApplicationShutdownHook] com.netflix.discovery.DiscoveryClient    : Completed shut down of DiscoveryClient
